2025-06-16 14:09:54,054 | INFO | üöÄ Logger initialized at logs\robo_logger_2025-06-16_14-09-54.log
2025-06-16 14:10:47,195 | INFO | Detected task type: REGRESSION
2025-06-16 14:10:47,196 | INFO | üîß Training Models with Hyperparameter Tuning...
2025-06-16 14:10:47,197 | INFO |   Training LinearRegression...
2025-06-16 14:10:47,200 | ERROR |   Skipping LinearRegression due to error: got an unexpected keyword argument 'squared'
Traceback (most recent call last):
  File "E:\robo-data-scientist\utils\model_trainer.py", line 183, in train_models
    evaluation_metrics = evaluate_model(trained_model, X_test, y_test, task_type)
  File "E:\robo-data-scientist\utils\model_trainer.py", line 58, in evaluate_model
    "Root Mean Squared Error": mean_squared_error(y_test, y_pred, squared=False),
  File "E:\robo-data-scientist\venv\lib\site-packages\sklearn\utils\_param_validation.py", line 196, in wrapper
    params = func_sig.bind(*args, **kwargs)
  File "C:\Program Files\Python310\lib\inspect.py", line 3186, in bind
    return self._bind(args, kwargs)
  File "C:\Program Files\Python310\lib\inspect.py", line 3175, in _bind
    raise TypeError(
TypeError: got an unexpected keyword argument 'squared'
2025-06-16 14:10:47,204 | INFO |   Training DecisionTreeRegressor...
2025-06-16 14:10:52,113 | ERROR |   Skipping DecisionTreeRegressor due to error: got an unexpected keyword argument 'squared'
Traceback (most recent call last):
  File "E:\robo-data-scientist\utils\model_trainer.py", line 183, in train_models
    evaluation_metrics = evaluate_model(trained_model, X_test, y_test, task_type)
  File "E:\robo-data-scientist\utils\model_trainer.py", line 58, in evaluate_model
    "Root Mean Squared Error": mean_squared_error(y_test, y_pred, squared=False),
  File "E:\robo-data-scientist\venv\lib\site-packages\sklearn\utils\_param_validation.py", line 196, in wrapper
    params = func_sig.bind(*args, **kwargs)
  File "C:\Program Files\Python310\lib\inspect.py", line 3186, in bind
    return self._bind(args, kwargs)
  File "C:\Program Files\Python310\lib\inspect.py", line 3175, in _bind
    raise TypeError(
TypeError: got an unexpected keyword argument 'squared'
2025-06-16 14:10:52,114 | INFO |   Training RandomForestRegressor...
2025-06-16 14:10:53,165 | ERROR |   Skipping RandomForestRegressor due to error: got an unexpected keyword argument 'squared'
Traceback (most recent call last):
  File "E:\robo-data-scientist\utils\model_trainer.py", line 183, in train_models
    evaluation_metrics = evaluate_model(trained_model, X_test, y_test, task_type)
  File "E:\robo-data-scientist\utils\model_trainer.py", line 58, in evaluate_model
    "Root Mean Squared Error": mean_squared_error(y_test, y_pred, squared=False),
  File "E:\robo-data-scientist\venv\lib\site-packages\sklearn\utils\_param_validation.py", line 196, in wrapper
    params = func_sig.bind(*args, **kwargs)
  File "C:\Program Files\Python310\lib\inspect.py", line 3186, in bind
    return self._bind(args, kwargs)
  File "C:\Program Files\Python310\lib\inspect.py", line 3175, in _bind
    raise TypeError(
TypeError: got an unexpected keyword argument 'squared'
2025-06-16 14:10:53,165 | INFO |   Training KNeighborsRegressor...
2025-06-16 14:10:53,220 | ERROR |   Skipping KNeighborsRegressor due to error: got an unexpected keyword argument 'squared'
Traceback (most recent call last):
  File "E:\robo-data-scientist\utils\model_trainer.py", line 183, in train_models
    evaluation_metrics = evaluate_model(trained_model, X_test, y_test, task_type)
  File "E:\robo-data-scientist\utils\model_trainer.py", line 58, in evaluate_model
    "Root Mean Squared Error": mean_squared_error(y_test, y_pred, squared=False),
  File "E:\robo-data-scientist\venv\lib\site-packages\sklearn\utils\_param_validation.py", line 196, in wrapper
    params = func_sig.bind(*args, **kwargs)
  File "C:\Program Files\Python310\lib\inspect.py", line 3186, in bind
    return self._bind(args, kwargs)
  File "C:\Program Files\Python310\lib\inspect.py", line 3175, in _bind
    raise TypeError(
TypeError: got an unexpected keyword argument 'squared'
2025-06-16 14:10:53,245 | INFO |   Training SVR...
2025-06-16 14:10:53,413 | ERROR |   Skipping SVR due to error: got an unexpected keyword argument 'squared'
Traceback (most recent call last):
  File "E:\robo-data-scientist\utils\model_trainer.py", line 183, in train_models
    evaluation_metrics = evaluate_model(trained_model, X_test, y_test, task_type)
  File "E:\robo-data-scientist\utils\model_trainer.py", line 58, in evaluate_model
    "Root Mean Squared Error": mean_squared_error(y_test, y_pred, squared=False),
  File "E:\robo-data-scientist\venv\lib\site-packages\sklearn\utils\_param_validation.py", line 196, in wrapper
    params = func_sig.bind(*args, **kwargs)
  File "C:\Program Files\Python310\lib\inspect.py", line 3186, in bind
    return self._bind(args, kwargs)
  File "C:\Program Files\Python310\lib\inspect.py", line 3175, in _bind
    raise TypeError(
TypeError: got an unexpected keyword argument 'squared'
2025-06-16 14:10:53,414 | INFO |   Training GradientBoostingRegressor...
2025-06-16 14:10:53,816 | ERROR |   Skipping GradientBoostingRegressor due to error: got an unexpected keyword argument 'squared'
Traceback (most recent call last):
  File "E:\robo-data-scientist\utils\model_trainer.py", line 183, in train_models
    evaluation_metrics = evaluate_model(trained_model, X_test, y_test, task_type)
  File "E:\robo-data-scientist\utils\model_trainer.py", line 58, in evaluate_model
    "Root Mean Squared Error": mean_squared_error(y_test, y_pred, squared=False),
  File "E:\robo-data-scientist\venv\lib\site-packages\sklearn\utils\_param_validation.py", line 196, in wrapper
    params = func_sig.bind(*args, **kwargs)
  File "C:\Program Files\Python310\lib\inspect.py", line 3186, in bind
    return self._bind(args, kwargs)
  File "C:\Program Files\Python310\lib\inspect.py", line 3175, in _bind
    raise TypeError(
TypeError: got an unexpected keyword argument 'squared'
2025-06-16 14:10:53,817 | INFO |   Training XGBoostRegressor...
2025-06-16 14:10:54,883 | ERROR |   Skipping XGBoostRegressor due to error: got an unexpected keyword argument 'squared'
Traceback (most recent call last):
  File "E:\robo-data-scientist\utils\model_trainer.py", line 183, in train_models
    evaluation_metrics = evaluate_model(trained_model, X_test, y_test, task_type)
  File "E:\robo-data-scientist\utils\model_trainer.py", line 58, in evaluate_model
    "Root Mean Squared Error": mean_squared_error(y_test, y_pred, squared=False),
  File "E:\robo-data-scientist\venv\lib\site-packages\sklearn\utils\_param_validation.py", line 196, in wrapper
    params = func_sig.bind(*args, **kwargs)
  File "C:\Program Files\Python310\lib\inspect.py", line 3186, in bind
    return self._bind(args, kwargs)
  File "C:\Program Files\Python310\lib\inspect.py", line 3175, in _bind
    raise TypeError(
TypeError: got an unexpected keyword argument 'squared'
2025-06-16 14:10:54,885 | INFO |   Training LightGBMRegressor...
2025-06-16 14:10:56,157 | ERROR |   Skipping LightGBMRegressor due to error: got an unexpected keyword argument 'squared'
Traceback (most recent call last):
  File "E:\robo-data-scientist\utils\model_trainer.py", line 183, in train_models
    evaluation_metrics = evaluate_model(trained_model, X_test, y_test, task_type)
  File "E:\robo-data-scientist\utils\model_trainer.py", line 58, in evaluate_model
    "Root Mean Squared Error": mean_squared_error(y_test, y_pred, squared=False),
  File "E:\robo-data-scientist\venv\lib\site-packages\sklearn\utils\_param_validation.py", line 196, in wrapper
    params = func_sig.bind(*args, **kwargs)
  File "C:\Program Files\Python310\lib\inspect.py", line 3186, in bind
    return self._bind(args, kwargs)
  File "C:\Program Files\Python310\lib\inspect.py", line 3175, in _bind
    raise TypeError(
TypeError: got an unexpected keyword argument 'squared'
2025-06-16 14:10:56,158 | INFO |   Training CatBoostRegressor...
2025-06-16 14:11:05,748 | ERROR |   Skipping CatBoostRegressor due to error: got an unexpected keyword argument 'squared'
Traceback (most recent call last):
  File "E:\robo-data-scientist\utils\model_trainer.py", line 183, in train_models
    evaluation_metrics = evaluate_model(trained_model, X_test, y_test, task_type)
  File "E:\robo-data-scientist\utils\model_trainer.py", line 58, in evaluate_model
    "Root Mean Squared Error": mean_squared_error(y_test, y_pred, squared=False),
  File "E:\robo-data-scientist\venv\lib\site-packages\sklearn\utils\_param_validation.py", line 196, in wrapper
    params = func_sig.bind(*args, **kwargs)
  File "C:\Program Files\Python310\lib\inspect.py", line 3186, in bind
    return self._bind(args, kwargs)
  File "C:\Program Files\Python310\lib\inspect.py", line 3175, in _bind
    raise TypeError(
TypeError: got an unexpected keyword argument 'squared'
2025-06-16 14:11:05,749 | INFO | 
ü§ù Ensemble Models for Regression are not yet implemented.
2025-06-16 14:11:05,749 | INFO | 
‚úÖ All models trained.
2025-06-16 14:11:35,626 | INFO | Detected task type: REGRESSION
2025-06-16 14:11:35,627 | INFO | üîß Training Models with Hyperparameter Tuning...
2025-06-16 14:11:35,627 | INFO |   Training LinearRegression...
2025-06-16 14:11:35,631 | ERROR |   Skipping LinearRegression due to error: got an unexpected keyword argument 'squared'
Traceback (most recent call last):
  File "E:\robo-data-scientist\utils\model_trainer.py", line 183, in train_models
    evaluation_metrics = evaluate_model(trained_model, X_test, y_test, task_type)
  File "E:\robo-data-scientist\utils\model_trainer.py", line 58, in evaluate_model
    "Root Mean Squared Error": mean_squared_error(y_test, y_pred, squared=False),
  File "E:\robo-data-scientist\venv\lib\site-packages\sklearn\utils\_param_validation.py", line 196, in wrapper
    params = func_sig.bind(*args, **kwargs)
  File "C:\Program Files\Python310\lib\inspect.py", line 3186, in bind
    return self._bind(args, kwargs)
  File "C:\Program Files\Python310\lib\inspect.py", line 3175, in _bind
    raise TypeError(
TypeError: got an unexpected keyword argument 'squared'
2025-06-16 14:11:35,632 | INFO |   Training DecisionTreeRegressor...
2025-06-16 14:11:35,828 | ERROR |   Skipping DecisionTreeRegressor due to error: got an unexpected keyword argument 'squared'
Traceback (most recent call last):
  File "E:\robo-data-scientist\utils\model_trainer.py", line 183, in train_models
    evaluation_metrics = evaluate_model(trained_model, X_test, y_test, task_type)
  File "E:\robo-data-scientist\utils\model_trainer.py", line 58, in evaluate_model
    "Root Mean Squared Error": mean_squared_error(y_test, y_pred, squared=False),
  File "E:\robo-data-scientist\venv\lib\site-packages\sklearn\utils\_param_validation.py", line 196, in wrapper
    params = func_sig.bind(*args, **kwargs)
  File "C:\Program Files\Python310\lib\inspect.py", line 3186, in bind
    return self._bind(args, kwargs)
  File "C:\Program Files\Python310\lib\inspect.py", line 3175, in _bind
    raise TypeError(
TypeError: got an unexpected keyword argument 'squared'
2025-06-16 14:11:35,830 | INFO |   Training RandomForestRegressor...
2025-06-16 14:11:36,710 | ERROR |   Skipping RandomForestRegressor due to error: got an unexpected keyword argument 'squared'
Traceback (most recent call last):
  File "E:\robo-data-scientist\utils\model_trainer.py", line 183, in train_models
    evaluation_metrics = evaluate_model(trained_model, X_test, y_test, task_type)
  File "E:\robo-data-scientist\utils\model_trainer.py", line 58, in evaluate_model
    "Root Mean Squared Error": mean_squared_error(y_test, y_pred, squared=False),
  File "E:\robo-data-scientist\venv\lib\site-packages\sklearn\utils\_param_validation.py", line 196, in wrapper
    params = func_sig.bind(*args, **kwargs)
  File "C:\Program Files\Python310\lib\inspect.py", line 3186, in bind
    return self._bind(args, kwargs)
  File "C:\Program Files\Python310\lib\inspect.py", line 3175, in _bind
    raise TypeError(
TypeError: got an unexpected keyword argument 'squared'
2025-06-16 14:11:36,712 | INFO |   Training KNeighborsRegressor...
2025-06-16 14:11:36,754 | ERROR |   Skipping KNeighborsRegressor due to error: got an unexpected keyword argument 'squared'
Traceback (most recent call last):
  File "E:\robo-data-scientist\utils\model_trainer.py", line 183, in train_models
    evaluation_metrics = evaluate_model(trained_model, X_test, y_test, task_type)
  File "E:\robo-data-scientist\utils\model_trainer.py", line 58, in evaluate_model
    "Root Mean Squared Error": mean_squared_error(y_test, y_pred, squared=False),
  File "E:\robo-data-scientist\venv\lib\site-packages\sklearn\utils\_param_validation.py", line 196, in wrapper
    params = func_sig.bind(*args, **kwargs)
  File "C:\Program Files\Python310\lib\inspect.py", line 3186, in bind
    return self._bind(args, kwargs)
  File "C:\Program Files\Python310\lib\inspect.py", line 3175, in _bind
    raise TypeError(
TypeError: got an unexpected keyword argument 'squared'
2025-06-16 14:11:36,755 | INFO |   Training SVR...
2025-06-16 14:11:36,886 | ERROR |   Skipping SVR due to error: got an unexpected keyword argument 'squared'
Traceback (most recent call last):
  File "E:\robo-data-scientist\utils\model_trainer.py", line 183, in train_models
    evaluation_metrics = evaluate_model(trained_model, X_test, y_test, task_type)
  File "E:\robo-data-scientist\utils\model_trainer.py", line 58, in evaluate_model
    "Root Mean Squared Error": mean_squared_error(y_test, y_pred, squared=False),
  File "E:\robo-data-scientist\venv\lib\site-packages\sklearn\utils\_param_validation.py", line 196, in wrapper
    params = func_sig.bind(*args, **kwargs)
  File "C:\Program Files\Python310\lib\inspect.py", line 3186, in bind
    return self._bind(args, kwargs)
  File "C:\Program Files\Python310\lib\inspect.py", line 3175, in _bind
    raise TypeError(
TypeError: got an unexpected keyword argument 'squared'
2025-06-16 14:11:36,888 | INFO |   Training GradientBoostingRegressor...
2025-06-16 14:11:37,348 | ERROR |   Skipping GradientBoostingRegressor due to error: got an unexpected keyword argument 'squared'
Traceback (most recent call last):
  File "E:\robo-data-scientist\utils\model_trainer.py", line 183, in train_models
    evaluation_metrics = evaluate_model(trained_model, X_test, y_test, task_type)
  File "E:\robo-data-scientist\utils\model_trainer.py", line 58, in evaluate_model
    "Root Mean Squared Error": mean_squared_error(y_test, y_pred, squared=False),
  File "E:\robo-data-scientist\venv\lib\site-packages\sklearn\utils\_param_validation.py", line 196, in wrapper
    params = func_sig.bind(*args, **kwargs)
  File "C:\Program Files\Python310\lib\inspect.py", line 3186, in bind
    return self._bind(args, kwargs)
  File "C:\Program Files\Python310\lib\inspect.py", line 3175, in _bind
    raise TypeError(
TypeError: got an unexpected keyword argument 'squared'
2025-06-16 14:11:37,349 | INFO |   Training XGBoostRegressor...
2025-06-16 14:11:37,861 | ERROR |   Skipping XGBoostRegressor due to error: got an unexpected keyword argument 'squared'
Traceback (most recent call last):
  File "E:\robo-data-scientist\utils\model_trainer.py", line 183, in train_models
    evaluation_metrics = evaluate_model(trained_model, X_test, y_test, task_type)
  File "E:\robo-data-scientist\utils\model_trainer.py", line 58, in evaluate_model
    "Root Mean Squared Error": mean_squared_error(y_test, y_pred, squared=False),
  File "E:\robo-data-scientist\venv\lib\site-packages\sklearn\utils\_param_validation.py", line 196, in wrapper
    params = func_sig.bind(*args, **kwargs)
  File "C:\Program Files\Python310\lib\inspect.py", line 3186, in bind
    return self._bind(args, kwargs)
  File "C:\Program Files\Python310\lib\inspect.py", line 3175, in _bind
    raise TypeError(
TypeError: got an unexpected keyword argument 'squared'
2025-06-16 14:11:37,863 | INFO |   Training LightGBMRegressor...
2025-06-16 14:11:38,816 | ERROR |   Skipping LightGBMRegressor due to error: got an unexpected keyword argument 'squared'
Traceback (most recent call last):
  File "E:\robo-data-scientist\utils\model_trainer.py", line 183, in train_models
    evaluation_metrics = evaluate_model(trained_model, X_test, y_test, task_type)
  File "E:\robo-data-scientist\utils\model_trainer.py", line 58, in evaluate_model
    "Root Mean Squared Error": mean_squared_error(y_test, y_pred, squared=False),
  File "E:\robo-data-scientist\venv\lib\site-packages\sklearn\utils\_param_validation.py", line 196, in wrapper
    params = func_sig.bind(*args, **kwargs)
  File "C:\Program Files\Python310\lib\inspect.py", line 3186, in bind
    return self._bind(args, kwargs)
  File "C:\Program Files\Python310\lib\inspect.py", line 3175, in _bind
    raise TypeError(
TypeError: got an unexpected keyword argument 'squared'
2025-06-16 14:11:38,818 | INFO |   Training CatBoostRegressor...
2025-06-16 14:11:47,805 | ERROR |   Skipping CatBoostRegressor due to error: got an unexpected keyword argument 'squared'
Traceback (most recent call last):
  File "E:\robo-data-scientist\utils\model_trainer.py", line 183, in train_models
    evaluation_metrics = evaluate_model(trained_model, X_test, y_test, task_type)
  File "E:\robo-data-scientist\utils\model_trainer.py", line 58, in evaluate_model
    "Root Mean Squared Error": mean_squared_error(y_test, y_pred, squared=False),
  File "E:\robo-data-scientist\venv\lib\site-packages\sklearn\utils\_param_validation.py", line 196, in wrapper
    params = func_sig.bind(*args, **kwargs)
  File "C:\Program Files\Python310\lib\inspect.py", line 3186, in bind
    return self._bind(args, kwargs)
  File "C:\Program Files\Python310\lib\inspect.py", line 3175, in _bind
    raise TypeError(
TypeError: got an unexpected keyword argument 'squared'
2025-06-16 14:11:47,806 | INFO | 
ü§ù Ensemble Models for Regression are not yet implemented.
2025-06-16 14:11:47,806 | INFO | 
‚úÖ All models trained.
