2025-06-16 14:22:26,697 | INFO | üöÄ Logger initialized at logs\robo_logger_2025-06-16_14-22-26.log
2025-06-16 14:23:13,980 | INFO | Detected task type: REGRESSION
2025-06-16 14:23:13,981 | INFO | üîß Training Models with Hyperparameter Tuning...
2025-06-16 14:23:13,981 | INFO |   Training LinearRegression...
2025-06-16 14:23:13,985 | ERROR |   Skipping LinearRegression due to error: got an unexpected keyword argument 'squared'
Traceback (most recent call last):
  File "E:\robo-data-scientist\utils\model_trainer.py", line 183, in train_models
    evaluation_metrics = evaluate_model(trained_model, X_test, y_test, task_type)
  File "E:\robo-data-scientist\utils\model_trainer.py", line 58, in evaluate_model
    "Root Mean Squared Error": mean_squared_error(y_test, y_pred, squared=False),
  File "E:\robo-data-scientist\venv\lib\site-packages\sklearn\utils\_param_validation.py", line 196, in wrapper
    params = func_sig.bind(*args, **kwargs)
  File "C:\Program Files\Python310\lib\inspect.py", line 3186, in bind
    return self._bind(args, kwargs)
  File "C:\Program Files\Python310\lib\inspect.py", line 3175, in _bind
    raise TypeError(
TypeError: got an unexpected keyword argument 'squared'
2025-06-16 14:23:13,987 | INFO |   Training DecisionTreeRegressor...
2025-06-16 14:23:19,364 | ERROR |   Skipping DecisionTreeRegressor due to error: got an unexpected keyword argument 'squared'
Traceback (most recent call last):
  File "E:\robo-data-scientist\utils\model_trainer.py", line 183, in train_models
    evaluation_metrics = evaluate_model(trained_model, X_test, y_test, task_type)
  File "E:\robo-data-scientist\utils\model_trainer.py", line 58, in evaluate_model
    "Root Mean Squared Error": mean_squared_error(y_test, y_pred, squared=False),
  File "E:\robo-data-scientist\venv\lib\site-packages\sklearn\utils\_param_validation.py", line 196, in wrapper
    params = func_sig.bind(*args, **kwargs)
  File "C:\Program Files\Python310\lib\inspect.py", line 3186, in bind
    return self._bind(args, kwargs)
  File "C:\Program Files\Python310\lib\inspect.py", line 3175, in _bind
    raise TypeError(
TypeError: got an unexpected keyword argument 'squared'
2025-06-16 14:23:19,365 | INFO |   Training RandomForestRegressor...
2025-06-16 14:23:19,859 | ERROR |   Skipping RandomForestRegressor due to error: got an unexpected keyword argument 'squared'
Traceback (most recent call last):
  File "E:\robo-data-scientist\utils\model_trainer.py", line 183, in train_models
    evaluation_metrics = evaluate_model(trained_model, X_test, y_test, task_type)
  File "E:\robo-data-scientist\utils\model_trainer.py", line 58, in evaluate_model
    "Root Mean Squared Error": mean_squared_error(y_test, y_pred, squared=False),
  File "E:\robo-data-scientist\venv\lib\site-packages\sklearn\utils\_param_validation.py", line 196, in wrapper
    params = func_sig.bind(*args, **kwargs)
  File "C:\Program Files\Python310\lib\inspect.py", line 3186, in bind
    return self._bind(args, kwargs)
  File "C:\Program Files\Python310\lib\inspect.py", line 3175, in _bind
    raise TypeError(
TypeError: got an unexpected keyword argument 'squared'
2025-06-16 14:23:19,860 | INFO |   Training KNeighborsRegressor...
2025-06-16 14:23:20,084 | ERROR |   Skipping KNeighborsRegressor due to error: got an unexpected keyword argument 'squared'
Traceback (most recent call last):
  File "E:\robo-data-scientist\utils\model_trainer.py", line 183, in train_models
    evaluation_metrics = evaluate_model(trained_model, X_test, y_test, task_type)
  File "E:\robo-data-scientist\utils\model_trainer.py", line 58, in evaluate_model
    "Root Mean Squared Error": mean_squared_error(y_test, y_pred, squared=False),
  File "E:\robo-data-scientist\venv\lib\site-packages\sklearn\utils\_param_validation.py", line 196, in wrapper
    params = func_sig.bind(*args, **kwargs)
  File "C:\Program Files\Python310\lib\inspect.py", line 3186, in bind
    return self._bind(args, kwargs)
  File "C:\Program Files\Python310\lib\inspect.py", line 3175, in _bind
    raise TypeError(
TypeError: got an unexpected keyword argument 'squared'
2025-06-16 14:23:20,084 | INFO |   Training SVR...
2025-06-16 14:23:20,132 | ERROR |   Skipping SVR due to error: got an unexpected keyword argument 'squared'
Traceback (most recent call last):
  File "E:\robo-data-scientist\utils\model_trainer.py", line 183, in train_models
    evaluation_metrics = evaluate_model(trained_model, X_test, y_test, task_type)
  File "E:\robo-data-scientist\utils\model_trainer.py", line 58, in evaluate_model
    "Root Mean Squared Error": mean_squared_error(y_test, y_pred, squared=False),
  File "E:\robo-data-scientist\venv\lib\site-packages\sklearn\utils\_param_validation.py", line 196, in wrapper
    params = func_sig.bind(*args, **kwargs)
  File "C:\Program Files\Python310\lib\inspect.py", line 3186, in bind
    return self._bind(args, kwargs)
  File "C:\Program Files\Python310\lib\inspect.py", line 3175, in _bind
    raise TypeError(
TypeError: got an unexpected keyword argument 'squared'
2025-06-16 14:23:20,133 | INFO |   Training GradientBoostingRegressor...
2025-06-16 14:23:20,384 | ERROR |   Skipping GradientBoostingRegressor due to error: got an unexpected keyword argument 'squared'
Traceback (most recent call last):
  File "E:\robo-data-scientist\utils\model_trainer.py", line 183, in train_models
    evaluation_metrics = evaluate_model(trained_model, X_test, y_test, task_type)
  File "E:\robo-data-scientist\utils\model_trainer.py", line 58, in evaluate_model
    "Root Mean Squared Error": mean_squared_error(y_test, y_pred, squared=False),
  File "E:\robo-data-scientist\venv\lib\site-packages\sklearn\utils\_param_validation.py", line 196, in wrapper
    params = func_sig.bind(*args, **kwargs)
  File "C:\Program Files\Python310\lib\inspect.py", line 3186, in bind
    return self._bind(args, kwargs)
  File "C:\Program Files\Python310\lib\inspect.py", line 3175, in _bind
    raise TypeError(
TypeError: got an unexpected keyword argument 'squared'
2025-06-16 14:23:20,385 | INFO |   Training XGBoostRegressor...
2025-06-16 14:23:21,534 | ERROR |   Skipping XGBoostRegressor due to error: got an unexpected keyword argument 'squared'
Traceback (most recent call last):
  File "E:\robo-data-scientist\utils\model_trainer.py", line 183, in train_models
    evaluation_metrics = evaluate_model(trained_model, X_test, y_test, task_type)
  File "E:\robo-data-scientist\utils\model_trainer.py", line 58, in evaluate_model
    "Root Mean Squared Error": mean_squared_error(y_test, y_pred, squared=False),
  File "E:\robo-data-scientist\venv\lib\site-packages\sklearn\utils\_param_validation.py", line 196, in wrapper
    params = func_sig.bind(*args, **kwargs)
  File "C:\Program Files\Python310\lib\inspect.py", line 3186, in bind
    return self._bind(args, kwargs)
  File "C:\Program Files\Python310\lib\inspect.py", line 3175, in _bind
    raise TypeError(
TypeError: got an unexpected keyword argument 'squared'
2025-06-16 14:23:21,535 | INFO |   Training LightGBMRegressor...
2025-06-16 14:23:22,473 | ERROR |   Skipping LightGBMRegressor due to error: got an unexpected keyword argument 'squared'
Traceback (most recent call last):
  File "E:\robo-data-scientist\utils\model_trainer.py", line 183, in train_models
    evaluation_metrics = evaluate_model(trained_model, X_test, y_test, task_type)
  File "E:\robo-data-scientist\utils\model_trainer.py", line 58, in evaluate_model
    "Root Mean Squared Error": mean_squared_error(y_test, y_pred, squared=False),
  File "E:\robo-data-scientist\venv\lib\site-packages\sklearn\utils\_param_validation.py", line 196, in wrapper
    params = func_sig.bind(*args, **kwargs)
  File "C:\Program Files\Python310\lib\inspect.py", line 3186, in bind
    return self._bind(args, kwargs)
  File "C:\Program Files\Python310\lib\inspect.py", line 3175, in _bind
    raise TypeError(
TypeError: got an unexpected keyword argument 'squared'
2025-06-16 14:23:22,474 | INFO |   Training CatBoostRegressor...
2025-06-16 14:23:27,044 | ERROR |   Skipping CatBoostRegressor due to error: got an unexpected keyword argument 'squared'
Traceback (most recent call last):
  File "E:\robo-data-scientist\utils\model_trainer.py", line 183, in train_models
    evaluation_metrics = evaluate_model(trained_model, X_test, y_test, task_type)
  File "E:\robo-data-scientist\utils\model_trainer.py", line 58, in evaluate_model
    "Root Mean Squared Error": mean_squared_error(y_test, y_pred, squared=False),
  File "E:\robo-data-scientist\venv\lib\site-packages\sklearn\utils\_param_validation.py", line 196, in wrapper
    params = func_sig.bind(*args, **kwargs)
  File "C:\Program Files\Python310\lib\inspect.py", line 3186, in bind
    return self._bind(args, kwargs)
  File "C:\Program Files\Python310\lib\inspect.py", line 3175, in _bind
    raise TypeError(
TypeError: got an unexpected keyword argument 'squared'
2025-06-16 14:23:27,045 | INFO | 
ü§ù Ensemble Models for Regression are not yet implemented.
2025-06-16 14:23:27,046 | INFO | 
‚úÖ All models trained.
2025-06-16 14:25:22,816 | INFO | Detected task type: REGRESSION
2025-06-16 14:25:22,818 | INFO | üîß Training Models with Hyperparameter Tuning...
2025-06-16 14:25:22,818 | INFO |   Training LinearRegression...
2025-06-16 14:25:22,822 | ERROR |   Skipping LinearRegression due to error: got an unexpected keyword argument 'squared'
Traceback (most recent call last):
  File "E:\robo-data-scientist\utils\model_trainer.py", line 183, in train_models
    evaluation_metrics = evaluate_model(trained_model, X_test, y_test, task_type)
  File "E:\robo-data-scientist\utils\model_trainer.py", line 58, in evaluate_model
    "Root Mean Squared Error": mean_squared_error(y_test, y_pred, squared=False),
  File "E:\robo-data-scientist\venv\lib\site-packages\sklearn\utils\_param_validation.py", line 196, in wrapper
    params = func_sig.bind(*args, **kwargs)
  File "C:\Program Files\Python310\lib\inspect.py", line 3186, in bind
    return self._bind(args, kwargs)
  File "C:\Program Files\Python310\lib\inspect.py", line 3175, in _bind
    raise TypeError(
TypeError: got an unexpected keyword argument 'squared'
2025-06-16 14:25:22,823 | INFO |   Training DecisionTreeRegressor...
2025-06-16 14:25:23,022 | ERROR |   Skipping DecisionTreeRegressor due to error: got an unexpected keyword argument 'squared'
Traceback (most recent call last):
  File "E:\robo-data-scientist\utils\model_trainer.py", line 183, in train_models
    evaluation_metrics = evaluate_model(trained_model, X_test, y_test, task_type)
  File "E:\robo-data-scientist\utils\model_trainer.py", line 58, in evaluate_model
    "Root Mean Squared Error": mean_squared_error(y_test, y_pred, squared=False),
  File "E:\robo-data-scientist\venv\lib\site-packages\sklearn\utils\_param_validation.py", line 196, in wrapper
    params = func_sig.bind(*args, **kwargs)
  File "C:\Program Files\Python310\lib\inspect.py", line 3186, in bind
    return self._bind(args, kwargs)
  File "C:\Program Files\Python310\lib\inspect.py", line 3175, in _bind
    raise TypeError(
TypeError: got an unexpected keyword argument 'squared'
2025-06-16 14:25:23,024 | INFO |   Training RandomForestRegressor...
2025-06-16 14:25:23,602 | ERROR |   Skipping RandomForestRegressor due to error: got an unexpected keyword argument 'squared'
Traceback (most recent call last):
  File "E:\robo-data-scientist\utils\model_trainer.py", line 183, in train_models
    evaluation_metrics = evaluate_model(trained_model, X_test, y_test, task_type)
  File "E:\robo-data-scientist\utils\model_trainer.py", line 58, in evaluate_model
    "Root Mean Squared Error": mean_squared_error(y_test, y_pred, squared=False),
  File "E:\robo-data-scientist\venv\lib\site-packages\sklearn\utils\_param_validation.py", line 196, in wrapper
    params = func_sig.bind(*args, **kwargs)
  File "C:\Program Files\Python310\lib\inspect.py", line 3186, in bind
    return self._bind(args, kwargs)
  File "C:\Program Files\Python310\lib\inspect.py", line 3175, in _bind
    raise TypeError(
TypeError: got an unexpected keyword argument 'squared'
2025-06-16 14:25:23,603 | INFO |   Training KNeighborsRegressor...
2025-06-16 14:25:23,635 | ERROR |   Skipping KNeighborsRegressor due to error: got an unexpected keyword argument 'squared'
Traceback (most recent call last):
  File "E:\robo-data-scientist\utils\model_trainer.py", line 183, in train_models
    evaluation_metrics = evaluate_model(trained_model, X_test, y_test, task_type)
  File "E:\robo-data-scientist\utils\model_trainer.py", line 58, in evaluate_model
    "Root Mean Squared Error": mean_squared_error(y_test, y_pred, squared=False),
  File "E:\robo-data-scientist\venv\lib\site-packages\sklearn\utils\_param_validation.py", line 196, in wrapper
    params = func_sig.bind(*args, **kwargs)
  File "C:\Program Files\Python310\lib\inspect.py", line 3186, in bind
    return self._bind(args, kwargs)
  File "C:\Program Files\Python310\lib\inspect.py", line 3175, in _bind
    raise TypeError(
TypeError: got an unexpected keyword argument 'squared'
2025-06-16 14:25:23,636 | INFO |   Training SVR...
2025-06-16 14:25:23,699 | ERROR |   Skipping SVR due to error: got an unexpected keyword argument 'squared'
Traceback (most recent call last):
  File "E:\robo-data-scientist\utils\model_trainer.py", line 183, in train_models
    evaluation_metrics = evaluate_model(trained_model, X_test, y_test, task_type)
  File "E:\robo-data-scientist\utils\model_trainer.py", line 58, in evaluate_model
    "Root Mean Squared Error": mean_squared_error(y_test, y_pred, squared=False),
  File "E:\robo-data-scientist\venv\lib\site-packages\sklearn\utils\_param_validation.py", line 196, in wrapper
    params = func_sig.bind(*args, **kwargs)
  File "C:\Program Files\Python310\lib\inspect.py", line 3186, in bind
    return self._bind(args, kwargs)
  File "C:\Program Files\Python310\lib\inspect.py", line 3175, in _bind
    raise TypeError(
TypeError: got an unexpected keyword argument 'squared'
2025-06-16 14:25:23,700 | INFO |   Training GradientBoostingRegressor...
2025-06-16 14:25:24,000 | ERROR |   Skipping GradientBoostingRegressor due to error: got an unexpected keyword argument 'squared'
Traceback (most recent call last):
  File "E:\robo-data-scientist\utils\model_trainer.py", line 183, in train_models
    evaluation_metrics = evaluate_model(trained_model, X_test, y_test, task_type)
  File "E:\robo-data-scientist\utils\model_trainer.py", line 58, in evaluate_model
    "Root Mean Squared Error": mean_squared_error(y_test, y_pred, squared=False),
  File "E:\robo-data-scientist\venv\lib\site-packages\sklearn\utils\_param_validation.py", line 196, in wrapper
    params = func_sig.bind(*args, **kwargs)
  File "C:\Program Files\Python310\lib\inspect.py", line 3186, in bind
    return self._bind(args, kwargs)
  File "C:\Program Files\Python310\lib\inspect.py", line 3175, in _bind
    raise TypeError(
TypeError: got an unexpected keyword argument 'squared'
2025-06-16 14:25:24,001 | INFO |   Training XGBoostRegressor...
2025-06-16 14:25:24,418 | ERROR |   Skipping XGBoostRegressor due to error: got an unexpected keyword argument 'squared'
Traceback (most recent call last):
  File "E:\robo-data-scientist\utils\model_trainer.py", line 183, in train_models
    evaluation_metrics = evaluate_model(trained_model, X_test, y_test, task_type)
  File "E:\robo-data-scientist\utils\model_trainer.py", line 58, in evaluate_model
    "Root Mean Squared Error": mean_squared_error(y_test, y_pred, squared=False),
  File "E:\robo-data-scientist\venv\lib\site-packages\sklearn\utils\_param_validation.py", line 196, in wrapper
    params = func_sig.bind(*args, **kwargs)
  File "C:\Program Files\Python310\lib\inspect.py", line 3186, in bind
    return self._bind(args, kwargs)
  File "C:\Program Files\Python310\lib\inspect.py", line 3175, in _bind
    raise TypeError(
TypeError: got an unexpected keyword argument 'squared'
2025-06-16 14:25:24,419 | INFO |   Training LightGBMRegressor...
2025-06-16 14:25:25,012 | ERROR |   Skipping LightGBMRegressor due to error: got an unexpected keyword argument 'squared'
Traceback (most recent call last):
  File "E:\robo-data-scientist\utils\model_trainer.py", line 183, in train_models
    evaluation_metrics = evaluate_model(trained_model, X_test, y_test, task_type)
  File "E:\robo-data-scientist\utils\model_trainer.py", line 58, in evaluate_model
    "Root Mean Squared Error": mean_squared_error(y_test, y_pred, squared=False),
  File "E:\robo-data-scientist\venv\lib\site-packages\sklearn\utils\_param_validation.py", line 196, in wrapper
    params = func_sig.bind(*args, **kwargs)
  File "C:\Program Files\Python310\lib\inspect.py", line 3186, in bind
    return self._bind(args, kwargs)
  File "C:\Program Files\Python310\lib\inspect.py", line 3175, in _bind
    raise TypeError(
TypeError: got an unexpected keyword argument 'squared'
2025-06-16 14:25:25,014 | INFO |   Training CatBoostRegressor...
2025-06-16 14:25:31,426 | ERROR |   Skipping CatBoostRegressor due to error: got an unexpected keyword argument 'squared'
Traceback (most recent call last):
  File "E:\robo-data-scientist\utils\model_trainer.py", line 183, in train_models
    evaluation_metrics = evaluate_model(trained_model, X_test, y_test, task_type)
  File "E:\robo-data-scientist\utils\model_trainer.py", line 58, in evaluate_model
    "Root Mean Squared Error": mean_squared_error(y_test, y_pred, squared=False),
  File "E:\robo-data-scientist\venv\lib\site-packages\sklearn\utils\_param_validation.py", line 196, in wrapper
    params = func_sig.bind(*args, **kwargs)
  File "C:\Program Files\Python310\lib\inspect.py", line 3186, in bind
    return self._bind(args, kwargs)
  File "C:\Program Files\Python310\lib\inspect.py", line 3175, in _bind
    raise TypeError(
TypeError: got an unexpected keyword argument 'squared'
2025-06-16 14:25:31,427 | INFO | 
ü§ù Ensemble Models for Regression are not yet implemented.
2025-06-16 14:25:31,427 | INFO | 
‚úÖ All models trained.
