2025-06-16 14:32:18,571 | INFO | ðŸš€ Logger initialized at logs\StreamlitApp_2025-06-16_14-32-18.log
2025-06-16 14:32:28,598 | ERROR | Training Error: The least populated class in y has only 1 member, which is too few. The minimum number of groups for any class cannot be less than 2.
Traceback (most recent call last):
  File "E:\robo-data-scientist\app.py", line 86, in <module>
    results, best_model_name, best_model_obj = train_models(processed_df_for_training.copy(), target_col, task_type)
  File "E:\robo-data-scientist\utils\model_trainer.py", line 154, in train_models
    X_train, X_test, y_train, y_test = train_test_split(X, y, test_size=0.2, random_state=42, stratify=y)
  File "E:\robo-data-scientist\venv\lib\site-packages\sklearn\utils\_param_validation.py", line 218, in wrapper
    return func(*args, **kwargs)
  File "E:\robo-data-scientist\venv\lib\site-packages\sklearn\model_selection\_split.py", line 2940, in train_test_split
    train, test = next(cv.split(X=arrays[0], y=stratify))
  File "E:\robo-data-scientist\venv\lib\site-packages\sklearn\model_selection\_split.py", line 1927, in split
    for train, test in self._iter_indices(X, y, groups):
  File "E:\robo-data-scientist\venv\lib\site-packages\sklearn\model_selection\_split.py", line 2342, in _iter_indices
    raise ValueError(
ValueError: The least populated class in y has only 1 member, which is too few. The minimum number of groups for any class cannot be less than 2.
2025-06-16 14:32:31,160 | ERROR | Training Error: The least populated class in y has only 1 member, which is too few. The minimum number of groups for any class cannot be less than 2.
Traceback (most recent call last):
  File "E:\robo-data-scientist\app.py", line 86, in <module>
    results, best_model_name, best_model_obj = train_models(processed_df_for_training.copy(), target_col, task_type)
  File "E:\robo-data-scientist\utils\model_trainer.py", line 154, in train_models
    X_train, X_test, y_train, y_test = train_test_split(X, y, test_size=0.2, random_state=42, stratify=y)
  File "E:\robo-data-scientist\venv\lib\site-packages\sklearn\utils\_param_validation.py", line 218, in wrapper
    return func(*args, **kwargs)
  File "E:\robo-data-scientist\venv\lib\site-packages\sklearn\model_selection\_split.py", line 2940, in train_test_split
    train, test = next(cv.split(X=arrays[0], y=stratify))
  File "E:\robo-data-scientist\venv\lib\site-packages\sklearn\model_selection\_split.py", line 1927, in split
    for train, test in self._iter_indices(X, y, groups):
  File "E:\robo-data-scientist\venv\lib\site-packages\sklearn\model_selection\_split.py", line 2342, in _iter_indices
    raise ValueError(
ValueError: The least populated class in y has only 1 member, which is too few. The minimum number of groups for any class cannot be less than 2.
2025-06-16 14:32:41,155 | ERROR | Training Error: Input y contains NaN.
Traceback (most recent call last):
  File "E:\robo-data-scientist\app.py", line 86, in <module>
    results, best_model_name, best_model_obj = train_models(processed_df_for_training.copy(), target_col, task_type)
  File "E:\robo-data-scientist\utils\model_trainer.py", line 154, in train_models
    X_train, X_test, y_train, y_test = train_test_split(X, y, test_size=0.2, random_state=42, stratify=y)
  File "E:\robo-data-scientist\venv\lib\site-packages\sklearn\utils\_param_validation.py", line 218, in wrapper
    return func(*args, **kwargs)
  File "E:\robo-data-scientist\venv\lib\site-packages\sklearn\model_selection\_split.py", line 2940, in train_test_split
    train, test = next(cv.split(X=arrays[0], y=stratify))
  File "E:\robo-data-scientist\venv\lib\site-packages\sklearn\model_selection\_split.py", line 2429, in split
    y = check_array(y, input_name="y", ensure_2d=False, dtype=None)
  File "E:\robo-data-scientist\venv\lib\site-packages\sklearn\utils\validation.py", line 1105, in check_array
    _assert_all_finite(
  File "E:\robo-data-scientist\venv\lib\site-packages\sklearn\utils\validation.py", line 120, in _assert_all_finite
    _assert_all_finite_element_wise(
  File "E:\robo-data-scientist\venv\lib\site-packages\sklearn\utils\validation.py", line 169, in _assert_all_finite_element_wise
    raise ValueError(msg_err)
ValueError: Input y contains NaN.
